<?xml version="1.0" encoding="UTF-8"?>
<!-- Generated by org.testng.reporters.JUnitXMLReporter -->
<testsuite hostname="LAPTOP-VDOVF2C0" failures="1" tests="7" name="Test" time="0.086" errors="0" timestamp="23 Jan 2022 17:14:01 GMT">
  <testcase classname="org.rerun.Testng" name="tc1" time="0.024"/>
  <testcase classname="org.rerun.Testng" name="tc2" time="0.002"/>
  <testcase classname="org.rerun.Testng" name="tc3" time="0.007">
    <skipped/>
  </testcase> <!-- tc3 -->
  <testcase classname="org.rerun.Testng" name="tc3" time="0.002">
    <skipped/>
  </testcase> <!-- tc3 -->
  <testcase classname="org.rerun.Testng" name="tc3" time="0.003">
    <skipped/>
  </testcase> <!-- tc3 -->
  <testcase classname="org.rerun.Testng" name="tc3" time="0.001">
    <skipped/>
  </testcase> <!-- tc3 -->
  <testcase classname="org.rerun.Testng" name="tc3" time="0.001">
    <failure type="java.lang.AssertionError" message="Check tc3 expected [true] but found [false]">
      <![CDATA[java.lang.AssertionError: Check tc3 expected [true] but found [false]
	at org.rerun.Testng.tc3(Testng.java:14)
... Removed 27 stack frames]]>
    </failure>
  </testcase> <!-- tc3 -->
</testsuite> <!-- Test -->
